c:\pg\2025\gff_arata\gff_arata\gff_arata\x64\release\vc143.pdb
c:\pg\2025\gff_arata\gff_arata\gff_arata\x64\release\vector2d.obj
c:\pg\2025\gff_arata\gff_arata\gff_arata\x64\release\resourcemanager.obj
c:\pg\2025\gff_arata\gff_arata\gff_arata\x64\release\reasoningui.obj
c:\pg\2025\gff_arata\gff_arata\gff_arata\x64\release\reasoningmanager.obj
c:\pg\2025\gff_arata\gff_arata\gff_arata\x64\release\projectconfig.obj
c:\pg\2025\gff_arata\gff_arata\gff_arata\x64\release\inputmanager.obj
c:\pg\2025\gff_arata\gff_arata\gff_arata\x64\release\choiceeffect.obj
c:\pg\2025\gff_arata\gff_arata\gff_arata\x64\release\collision.obj
c:\pg\2025\gff_arata\gff_arata\gff_arata\x64\release\application.obj
c:\pg\2025\gff_arata\gff_arata\gff_arata\x64\release\titlescene.obj
c:\pg\2025\gff_arata\gff_arata\gff_arata\x64\release\scenemanager.obj
c:\pg\2025\gff_arata\gff_arata\gff_arata\x64\release\ingamescene.obj
c:\pg\2025\gff_arata\gff_arata\gff_arata\x64\release\gamemain.obj
c:\pg\2025\gff_arata\gff_arata\gff_arata\x64\release\player.obj
c:\pg\2025\gff_arata\gff_arata\gff_arata\x64\release\floor.obj
c:\pg\2025\gff_arata\gff_arata\gff_arata\x64\release\item.obj
c:\pg\2025\gff_arata\gff_arata\gff_arata\x64\release\itemmanager.obj
c:\pg\2025\gff_arata\gff_arata\gff_arata\x64\release\appmain.obj
c:\pg\2025\gff_arata\gff_arata\x64\release\gff_arata.exe
c:\pg\2025\gff_arata\gff_arata\x64\release\gff_arata.pdb
c:\pg\2025\gff_arata\gff_arata\gff_arata\x64\release\gff_arata.ipdb
c:\pg\2025\gff_arata\gff_arata\gff_arata\x64\release\gff_arata.iobj
c:\pg\2025\gff_arata\gff_arata\gff_arata\x64\release\gff_arata.tlog\cl.command.1.tlog
c:\pg\2025\gff_arata\gff_arata\gff_arata\x64\release\gff_arata.tlog\cl.items.tlog
c:\pg\2025\gff_arata\gff_arata\gff_arata\x64\release\gff_arata.tlog\cl.read.1.tlog
c:\pg\2025\gff_arata\gff_arata\gff_arata\x64\release\gff_arata.tlog\cl.write.1.tlog
c:\pg\2025\gff_arata\gff_arata\gff_arata\x64\release\gff_arata.tlog\link.command.1.tlog
c:\pg\2025\gff_arata\gff_arata\gff_arata\x64\release\gff_arata.tlog\link.read.1.tlog
c:\pg\2025\gff_arata\gff_arata\gff_arata\x64\release\gff_arata.tlog\link.secondary.1.tlog
c:\pg\2025\gff_arata\gff_arata\gff_arata\x64\release\gff_arata.tlog\link.write.1.tlog
